[debug] [2023-12-19T12:13:45.480Z] ----------------------------------------------------------------------
[debug] [2023-12-19T12:13:45.485Z] Command:       C:\Program Files\nodejs\node.exe C:\Program Files\nodejs\node_modules\firebase-tools\lib\bin\firebase.js init functions
[debug] [2023-12-19T12:13:45.486Z] CLI Version:   12.6.2
[debug] [2023-12-19T12:13:45.486Z] Platform:      win32
[debug] [2023-12-19T12:13:45.487Z] Node Version:  v18.16.0
[debug] [2023-12-19T12:13:45.489Z] Time:          Tue Dec 19 2023 14:13:45 GMT+0200 (South Africa Standard Time)
[debug] [2023-12-19T12:13:45.489Z] ----------------------------------------------------------------------
[debug] 
[debug] [2023-12-19T12:13:45.535Z] >>> [apiv2][query] GET https://firebase-public.firebaseio.com/cli.json [none]
[debug] [2023-12-19T12:13:45.633Z] > command requires scopes: ["email","openid","https://www.googleapis.com/auth/cloudplatformprojects.readonly","https://www.googleapis.com/auth/firebase","https://www.googleapis.com/auth/cloud-platform"]
[debug] [2023-12-19T12:13:45.634Z] > authorizing via signed-in user (daddypitchfc@gmail.com)
[info] 
     ######## #### ########  ######## ########     ###     ######  ########
     ##        ##  ##     ## ##       ##     ##  ##   ##  ##       ##
     ######    ##  ########  ######   ########  #########  ######  ######
     ##        ##  ##    ##  ##       ##     ## ##     ##       ## ##
     ##       #### ##     ## ######## ########  ##     ##  ######  ########

You're about to initialize a Firebase project in this directory:

  E:\React-Work\Javascript\withGraphql\server

[debug] [2023-12-19T12:13:46.931Z] <<< [apiv2][status] GET https://firebase-public.firebaseio.com/cli.json 200
[debug] [2023-12-19T12:13:46.933Z] <<< [apiv2][body] GET https://firebase-public.firebaseio.com/cli.json {"cloudBuildErrorAfter":1594252800000,"cloudBuildWarnAfter":1590019200000,"defaultNode10After":1594252800000,"minVersion":"3.0.5","node8DeploysDisabledAfter":1613390400000,"node8RuntimeDisabledAfter":1615809600000,"node8WarnAfter":1600128000000}
